<?xml version="1.0" encoding="UTF-8"?>
<testng-results ignored="0" total="2" passed="2" failed="0" skipped="0">
  <reporter-output>
  </reporter-output>
  <suite started-at="2024-10-06T11:51:05 EDT" name="Suite" finished-at="2024-10-06T11:51:17 EDT" duration-ms="11994">
    <groups>
      <group name="Master">
        <method signature="AccountRegistrationTest.validateAccountRegistration()[pri:0, instance:testCases.AccountRegistrationTest@6d3c5255]" name="validateAccountRegistration" class="testCases.AccountRegistrationTest"/>
        <method signature="LoginTest.validateLogin()[pri:0, instance:testCases.LoginTest@28ec166e]" name="validateLogin" class="testCases.LoginTest"/>
      </group> <!-- Master -->
      <group name="Sanity">
        <method signature="AccountRegistrationTest.validateAccountRegistration()[pri:0, instance:testCases.AccountRegistrationTest@6d3c5255]" name="validateAccountRegistration" class="testCases.AccountRegistrationTest"/>
      </group> <!-- Sanity -->
      <group name="Regression">
        <method signature="LoginTest.validateLogin()[pri:0, instance:testCases.LoginTest@28ec166e]" name="validateLogin" class="testCases.LoginTest"/>
      </group> <!-- Regression -->
    </groups>
    <test started-at="2024-10-06T11:51:05 EDT" name="Test" finished-at="2024-10-06T11:51:17 EDT" duration-ms="11994">
      <class name="testCases.LoginTest">
        <test-method is-config="true" signature="setup(java.lang.String,java.lang.String)[pri:0, instance:testCases.LoginTest@28ec166e]" started-at="2024-10-06T11:51:12 EDT" name="setup" finished-at="2024-10-06T11:51:16 EDT" duration-ms="3576" status="PASS">
          <params>
            <param index="0">
              <value>
                <![CDATA[Windows]]>
              </value>
            </param>
            <param index="1">
              <value>
                <![CDATA[chrome]]>
              </value>
            </param>
          </params>
          <reporter-output>
          </reporter-output>
        </test-method> <!-- setup -->
        <test-method signature="validateLogin()[pri:0, instance:testCases.LoginTest@28ec166e]" started-at="2024-10-06T11:51:16 EDT" name="validateLogin" finished-at="2024-10-06T11:51:17 EDT" duration-ms="1636" status="PASS">
          <reporter-output>
          </reporter-output>
        </test-method> <!-- validateLogin -->
        <test-method is-config="true" signature="tearDown()[pri:0, instance:testCases.LoginTest@28ec166e]" started-at="2024-10-06T11:51:17 EDT" name="tearDown" finished-at="2024-10-06T11:51:17 EDT" duration-ms="129" status="PASS">
          <reporter-output>
          </reporter-output>
        </test-method> <!-- tearDown -->
      </class> <!-- testCases.LoginTest -->
      <class name="testCases.AccountRegistrationTest">
        <test-method is-config="true" signature="setup(java.lang.String,java.lang.String)[pri:0, instance:testCases.AccountRegistrationTest@6d3c5255]" started-at="2024-10-06T11:51:06 EDT" name="setup" finished-at="2024-10-06T11:51:10 EDT" duration-ms="3926" status="PASS">
          <params>
            <param index="0">
              <value>
                <![CDATA[Windows]]>
              </value>
            </param>
            <param index="1">
              <value>
                <![CDATA[chrome]]>
              </value>
            </param>
          </params>
          <reporter-output>
          </reporter-output>
        </test-method> <!-- setup -->
        <test-method signature="validateAccountRegistration()[pri:0, instance:testCases.AccountRegistrationTest@6d3c5255]" started-at="2024-10-06T11:51:10 EDT" name="validateAccountRegistration" finished-at="2024-10-06T11:51:12 EDT" duration-ms="2336" status="PASS">
          <reporter-output>
          </reporter-output>
        </test-method> <!-- validateAccountRegistration -->
        <test-method is-config="true" signature="tearDown()[pri:0, instance:testCases.AccountRegistrationTest@6d3c5255]" started-at="2024-10-06T11:51:12 EDT" name="tearDown" finished-at="2024-10-06T11:51:12 EDT" duration-ms="144" status="PASS">
          <reporter-output>
          </reporter-output>
        </test-method> <!-- tearDown -->
      </class> <!-- testCases.AccountRegistrationTest -->
    </test> <!-- Test -->
  </suite> <!-- Suite -->
</testng-results>
