<?xml version="1.0" encoding="UTF-8"?>
<testng-results ignored="0" total="1" passed="1" failed="0" skipped="0">
  <reporter-output>
  </reporter-output>
  <suite started-at="2024-09-22T11:46:15 EDT" name="Suite" finished-at="2024-09-22T11:46:21 EDT" duration-ms="5997">
    <groups>
    </groups>
    <test started-at="2024-09-22T11:46:15 EDT" name="Test" finished-at="2024-09-22T11:46:21 EDT" duration-ms="5997">
      <class name="testCases.LoginTest">
        <test-method is-config="true" signature="setup(java.lang.String,java.lang.String)[pri:0, instance:testCases.LoginTest@285d851a]" started-at="2024-09-22T11:46:15 EDT" name="setup" finished-at="2024-09-22T11:46:19 EDT" duration-ms="4121" status="PASS">
          <params>
            <param index="0">
              <value>
                <![CDATA[Windows]]>
              </value>
            </param>
            <param index="1">
              <value>
                <![CDATA[chrome]]>
              </value>
            </param>
          </params>
          <reporter-output>
          </reporter-output>
        </test-method> <!-- setup -->
        <test-method signature="validateLogin()[pri:0, instance:testCases.LoginTest@285d851a]" started-at="2024-09-22T11:46:19 EDT" name="validateLogin" finished-at="2024-09-22T11:46:20 EDT" duration-ms="1655" status="PASS">
          <reporter-output>
          </reporter-output>
        </test-method> <!-- validateLogin -->
        <test-method is-config="true" signature="tearDown()[pri:0, instance:testCases.LoginTest@285d851a]" started-at="2024-09-22T11:46:20 EDT" name="tearDown" finished-at="2024-09-22T11:46:21 EDT" duration-ms="176" status="PASS">
          <reporter-output>
          </reporter-output>
        </test-method> <!-- tearDown -->
      </class> <!-- testCases.LoginTest -->
    </test> <!-- Test -->
  </suite> <!-- Suite -->
</testng-results>
