<?xml version="1.0" encoding="UTF-8"?>
<testng-results ignored="0" total="2" passed="2" failed="0" skipped="0">
  <reporter-output>
  </reporter-output>
  <suite started-at="2024-09-29T13:25:58 EDT" name="Suite" finished-at="2024-09-29T13:26:11 EDT" duration-ms="13031">
    <groups>
      <group name="Master">
        <method signature="AccountRegistrationTest.validateAccountRegistration()[pri:0, instance:testCases.AccountRegistrationTest@15a902e7]" name="validateAccountRegistration" class="testCases.AccountRegistrationTest"/>
        <method signature="LoginTest.validateLogin()[pri:0, instance:testCases.LoginTest@72f46e16]" name="validateLogin" class="testCases.LoginTest"/>
      </group> <!-- Master -->
      <group name="Sanity">
        <method signature="AccountRegistrationTest.validateAccountRegistration()[pri:0, instance:testCases.AccountRegistrationTest@15a902e7]" name="validateAccountRegistration" class="testCases.AccountRegistrationTest"/>
      </group> <!-- Sanity -->
      <group name="Regression">
        <method signature="LoginTest.validateLogin()[pri:0, instance:testCases.LoginTest@72f46e16]" name="validateLogin" class="testCases.LoginTest"/>
      </group> <!-- Regression -->
    </groups>
    <test started-at="2024-09-29T13:25:58 EDT" name="Test" finished-at="2024-09-29T13:26:11 EDT" duration-ms="13031">
      <class name="testCases.LoginTest">
        <test-method is-config="true" signature="setup(java.lang.String,java.lang.String)[pri:0, instance:testCases.LoginTest@72f46e16]" started-at="2024-09-29T13:26:05 EDT" name="setup" finished-at="2024-09-29T13:26:09 EDT" duration-ms="3884" status="PASS">
          <params>
            <param index="0">
              <value>
                <![CDATA[Windows]]>
              </value>
            </param>
            <param index="1">
              <value>
                <![CDATA[chrome]]>
              </value>
            </param>
          </params>
          <reporter-output>
          </reporter-output>
        </test-method> <!-- setup -->
        <test-method signature="validateLogin()[pri:0, instance:testCases.LoginTest@72f46e16]" started-at="2024-09-29T13:26:09 EDT" name="validateLogin" finished-at="2024-09-29T13:26:11 EDT" duration-ms="1769" status="PASS">
          <reporter-output>
          </reporter-output>
        </test-method> <!-- validateLogin -->
        <test-method is-config="true" signature="tearDown()[pri:0, instance:testCases.LoginTest@72f46e16]" started-at="2024-09-29T13:26:11 EDT" name="tearDown" finished-at="2024-09-29T13:26:11 EDT" duration-ms="129" status="PASS">
          <reporter-output>
          </reporter-output>
        </test-method> <!-- tearDown -->
      </class> <!-- testCases.LoginTest -->
      <class name="testCases.AccountRegistrationTest">
        <test-method is-config="true" signature="setup(java.lang.String,java.lang.String)[pri:0, instance:testCases.AccountRegistrationTest@15a902e7]" started-at="2024-09-29T13:25:58 EDT" name="setup" finished-at="2024-09-29T13:26:02 EDT" duration-ms="4418" status="PASS">
          <params>
            <param index="0">
              <value>
                <![CDATA[Windows]]>
              </value>
            </param>
            <param index="1">
              <value>
                <![CDATA[chrome]]>
              </value>
            </param>
          </params>
          <reporter-output>
          </reporter-output>
        </test-method> <!-- setup -->
        <test-method signature="validateAccountRegistration()[pri:0, instance:testCases.AccountRegistrationTest@15a902e7]" started-at="2024-09-29T13:26:02 EDT" name="validateAccountRegistration" finished-at="2024-09-29T13:26:05 EDT" duration-ms="2469" status="PASS">
          <reporter-output>
          </reporter-output>
        </test-method> <!-- validateAccountRegistration -->
        <test-method is-config="true" signature="tearDown()[pri:0, instance:testCases.AccountRegistrationTest@15a902e7]" started-at="2024-09-29T13:26:05 EDT" name="tearDown" finished-at="2024-09-29T13:26:05 EDT" duration-ms="145" status="PASS">
          <reporter-output>
          </reporter-output>
        </test-method> <!-- tearDown -->
      </class> <!-- testCases.AccountRegistrationTest -->
    </test> <!-- Test -->
  </suite> <!-- Suite -->
</testng-results>
